<?xml version="1.0" encoding="UTF-8"?>
<!-- Generated by org.testng.reporters.JUnitXMLReporter -->
<testsuite ignored="0" hostname="DESKTOP-9PNVTOE" failures="0" tests="4" name="Default test" time="37.219" errors="0" timestamp="2023-03-02T10:13:07 IST">
  <testcase classname="sparq.sparqAssigment.CalcTest" name="testCase1" time="5.269"/>
  <testcase classname="sparq.sparqAssigment.CalcTest" name="testCase2" time="5.104"/>
  <testcase classname="sparq.sparqAssigment.CalcTest" name="testCase3" time="7.213"/>
  <testcase classname="sparq.sparqAssigment.CalcTest" name="testCase4" time="7.227"/>
</testsuite> <!-- Default test -->
