<?xml version="1.0" encoding="UTF-8"?>
<testng-results ignored="0" total="4" passed="4" failed="0" skipped="0">
  <reporter-output>
  </reporter-output>
  <suite started-at="2023-03-02T10:12:30 IST" name="Default suite" finished-at="2023-03-02T10:13:07 IST" duration-ms="37219">
    <groups>
    </groups>
    <test started-at="2023-03-02T10:12:30 IST" name="Default test" finished-at="2023-03-02T10:13:07 IST" duration-ms="37219">
      <class name="sparq.sparqAssigment.CalcTest">
        <test-method is-config="true" signature="setup()[pri:0, instance:sparq.sparqAssigment.CalcTest@1d9b7cce]" started-at="2023-03-02T10:12:22 IST" name="setup" finished-at="2023-03-02T10:12:30 IST" duration-ms="7695" status="PASS">
          <reporter-output>
          </reporter-output>
        </test-method> <!-- setup -->
        <test-method signature="testCase1()[pri:0, instance:sparq.sparqAssigment.CalcTest@1d9b7cce]" started-at="2023-03-02T10:12:30 IST" name="testCase1" finished-at="2023-03-02T10:12:35 IST" duration-ms="5269" status="PASS">
          <reporter-output>
          </reporter-output>
        </test-method> <!-- testCase1 -->
        <test-method is-config="true" signature="clearFlied()[pri:0, instance:sparq.sparqAssigment.CalcTest@1d9b7cce]" started-at="2023-03-02T10:12:35 IST" name="clearFlied" finished-at="2023-03-02T10:12:38 IST" duration-ms="3100" status="PASS">
          <reporter-output>
          </reporter-output>
        </test-method> <!-- clearFlied -->
        <test-method signature="testCase2()[pri:0, instance:sparq.sparqAssigment.CalcTest@1d9b7cce]" started-at="2023-03-02T10:12:38 IST" name="testCase2" finished-at="2023-03-02T10:12:43 IST" duration-ms="5104" status="PASS">
          <reporter-output>
          </reporter-output>
        </test-method> <!-- testCase2 -->
        <test-method is-config="true" signature="clearFlied()[pri:0, instance:sparq.sparqAssigment.CalcTest@1d9b7cce]" started-at="2023-03-02T10:12:43 IST" name="clearFlied" finished-at="2023-03-02T10:12:46 IST" duration-ms="3095" status="PASS">
          <reporter-output>
          </reporter-output>
        </test-method> <!-- clearFlied -->
        <test-method signature="testCase3()[pri:0, instance:sparq.sparqAssigment.CalcTest@1d9b7cce]" started-at="2023-03-02T10:12:46 IST" name="testCase3" finished-at="2023-03-02T10:12:53 IST" duration-ms="7213" status="PASS">
          <reporter-output>
          </reporter-output>
        </test-method> <!-- testCase3 -->
        <test-method is-config="true" signature="clearFlied()[pri:0, instance:sparq.sparqAssigment.CalcTest@1d9b7cce]" started-at="2023-03-02T10:12:53 IST" name="clearFlied" finished-at="2023-03-02T10:12:56 IST" duration-ms="3070" status="PASS">
          <reporter-output>
          </reporter-output>
        </test-method> <!-- clearFlied -->
        <test-method signature="testCase4()[pri:0, instance:sparq.sparqAssigment.CalcTest@1d9b7cce]" started-at="2023-03-02T10:12:56 IST" name="testCase4" finished-at="2023-03-02T10:13:04 IST" duration-ms="7227" status="PASS">
          <reporter-output>
          </reporter-output>
        </test-method> <!-- testCase4 -->
        <test-method is-config="true" signature="clearFlied()[pri:0, instance:sparq.sparqAssigment.CalcTest@1d9b7cce]" started-at="2023-03-02T10:13:04 IST" name="clearFlied" finished-at="2023-03-02T10:13:07 IST" duration-ms="3068" status="PASS">
          <reporter-output>
          </reporter-output>
        </test-method> <!-- clearFlied -->
        <test-method is-config="true" signature="closeWindow()[pri:0, instance:sparq.sparqAssigment.CalcTest@1d9b7cce]" started-at="2023-03-02T10:13:07 IST" name="closeWindow" finished-at="2023-03-02T10:13:07 IST" duration-ms="437" status="PASS">
          <reporter-output>
          </reporter-output>
        </test-method> <!-- closeWindow -->
      </class> <!-- sparq.sparqAssigment.CalcTest -->
    </test> <!-- Default test -->
  </suite> <!-- Default suite -->
</testng-results>
